0 info it worked if it ends with ok
1 verbose cli [ 'C:\\Program Files (x86)\\nodejs\\node.exe',
1 verbose cli   'C:\\Program Files (x86)\\nodejs\\node_modules\\npm\\bin\\npm-cli.js',
1 verbose cli   'install',
1 verbose cli   'reactjS' ]
2 info using npm@2.14.7
3 info using node@v4.2.3
4 verbose config Skipping project config: C:\Users\jd728/.npmrc. (matches userconfig)
5 verbose install initial load of C:\Users\jd728\package.json
6 verbose installManyTop reading scoped package data from C:\Users\jd728\node_modules\bayes\package.json
7 verbose installManyTop reading scoped package data from C:\Users\jd728\node_modules\node-soundcloud\package.json
8 verbose installManyTop reading scoped package data from C:\Users\jd728\node_modules\soundcloud\package.json
9 info package.json bayes@0.0.4 No license field.
10 verbose readDependencies loading dependencies from C:\Users\jd728\package.json
11 silly cache add args [ 'reactjS', null ]
12 verbose cache add spec reactjS
13 silly cache add parsed spec Result {
13 silly cache add   raw: 'reactjS',
13 silly cache add   scope: null,
13 silly cache add   name: 'reactjS',
13 silly cache add   rawSpec: '',
13 silly cache add   spec: '*',
13 silly cache add   type: 'range' }
14 silly addNamed reactjS@*
15 verbose addNamed "*" is a valid semver range for reactjS
16 silly addNameRange { name: 'reactjS', range: '*', hasData: false }
17 silly mapToRegistry name reactjS
18 silly mapToRegistry using default registry
19 silly mapToRegistry registry https://registry.npmjs.org/
20 silly mapToRegistry uri https://registry.npmjs.org/reactjS
21 verbose addNameRange registry:https://registry.npmjs.org/reactjS not in flight; fetching
22 verbose request uri https://registry.npmjs.org/reactjS
23 verbose request no auth needed
24 info attempt registry request try #1 at 10:01:43 PM
25 verbose request id edfd71500f6e9e0c
26 http request GET https://registry.npmjs.org/reactjS
27 http 404 https://registry.npmjs.org/reactjS
28 verbose headers { 'content-type': 'application/json',
28 verbose headers   'cache-control': 'max-age=0',
28 verbose headers   'content-length': '2',
28 verbose headers   'accept-ranges': 'bytes',
28 verbose headers   date: 'Tue, 16 Feb 2016 03:01:41 GMT',
28 verbose headers   via: '1.1 varnish',
28 verbose headers   age: '0',
28 verbose headers   connection: 'keep-alive',
28 verbose headers   'x-served-by': 'cache-ord1729-ORD',
28 verbose headers   'x-cache': 'MISS',
28 verbose headers   'x-cache-hits': '0',
28 verbose headers   'x-timer': 'S1455591701.718178,VS0,VE78' }
29 silly get cb [ 404,
29 silly get   { 'content-type': 'application/json',
29 silly get     'cache-control': 'max-age=0',
29 silly get     'content-length': '2',
29 silly get     'accept-ranges': 'bytes',
29 silly get     date: 'Tue, 16 Feb 2016 03:01:41 GMT',
29 silly get     via: '1.1 varnish',
29 silly get     age: '0',
29 silly get     connection: 'keep-alive',
29 silly get     'x-served-by': 'cache-ord1729-ORD',
29 silly get     'x-cache': 'MISS',
29 silly get     'x-cache-hits': '0',
29 silly get     'x-timer': 'S1455591701.718178,VS0,VE78' } ]
30 verbose stack Error: Registry returned 404 for GET on https://registry.npmjs.org/reactjS
30 verbose stack     at makeError (C:\Program Files (x86)\nodejs\node_modules\npm\node_modules\npm-registry-client\lib\request.js:264:12)
30 verbose stack     at CachingRegistryClient.<anonymous> (C:\Program Files (x86)\nodejs\node_modules\npm\node_modules\npm-registry-client\lib\request.js:242:14)
30 verbose stack     at Request._callback (C:\Program Files (x86)\nodejs\node_modules\npm\node_modules\npm-registry-client\lib\request.js:172:14)
30 verbose stack     at Request.self.callback (C:\Program Files (x86)\nodejs\node_modules\npm\node_modules\request\request.js:198:22)
30 verbose stack     at emitTwo (events.js:87:13)
30 verbose stack     at Request.emit (events.js:172:7)
30 verbose stack     at Request.<anonymous> (C:\Program Files (x86)\nodejs\node_modules\npm\node_modules\request\request.js:1063:14)
30 verbose stack     at emitOne (events.js:82:20)
30 verbose stack     at Request.emit (events.js:169:7)
30 verbose stack     at IncomingMessage.<anonymous> (C:\Program Files (x86)\nodejs\node_modules\npm\node_modules\request\request.js:1009:12)
31 verbose statusCode 404
32 verbose pkgid reactjS
33 verbose cwd C:\Users\jd728\Documents\GitHub\inTunity-temp
34 error Windows_NT 10.0.10586
35 error argv "C:\\Program Files (x86)\\nodejs\\node.exe" "C:\\Program Files (x86)\\nodejs\\node_modules\\npm\\bin\\npm-cli.js" "install" "reactjS"
36 error node v4.2.3
37 error npm  v2.14.7
38 error code E404
39 error 404 Registry returned 404 for GET on https://registry.npmjs.org/reactjS
39 error 404
39 error 404 'reactjS' is not in the npm registry.
39 error 404 Your package name is not valid, because
39 error 404
39 error 404  1. name can no longer contain capital letters
39 error 404
39 error 404 Note that you can also install from a
39 error 404 tarball, folder, http url, or git url.
40 verbose exit [ 1, true ]
